apps/tv-app-legacy/android/app/build/outputs/mapping/release/seeds.txt
com.neofilm.tv.MainActivity$appLauncherRunnable$1
com.neofilm.tv.UpdateManager$Result
com.neofilm.tv.BootReceiver
com.neofilm.tv.AdActivity$AdData
com.neofilm.tv.AdOverlayService
com.neofilm.tv.UpdateManager$Result$Failed
com.neofilm.tv.NeoFilmDeviceAdmin
com.neofilm.tv.MainActivity$registerNetworkCallback$1
com.neofilm.tv.MainActivity$enterSplitMode$browser$1$2
com.neofilm.tv.WatchdogAlarmReceiver
com.neofilm.tv.UpdateWorker
com.neofilm.tv.MainActivity$getInstalledLaunchableApps$$inlined$sortedBy$1
com.neofilm.tv.UpdateWorker$Companion
com.neofilm.tv.MainActivity$Companion
com.neofilm.tv.AdOverlayPlayer$AdData
com.neofilm.tv.NeoFilmDeviceAdmin$Companion
com.neofilm.tv.MainActivity$NeoFilmChromeClient
com.neofilm.tv.MainActivity$onCreate$kioskToggleReceiver$1
com.neofilm.tv.DeviceIdentity
com.neofilm.tv.AdOverlayService$watchdogRunnable$1
com.neofilm.tv.AdOverlayService$Companion
com.neofilm.tv.MainActivity$NeoFilmWebViewClient
com.neofilm.tv.AdActivity
com.neofilm.tv.AdCacheManager
com.neofilm.tv.AdOverlayPlayer$Companion
com.neofilm.tv.UpdateManager$UpdateInfo
com.neofilm.tv.UpdateManager$Result$Installed
com.neofilm.tv.UpdateManager
com.neofilm.tv.WatchdogAlarmReceiver$Companion
com.neofilm.tv.MainActivity$NeoFilmBridge
com.neofilm.tv.UpdateManager$InstallResultReceiver
com.neofilm.tv.AdActivity$startSkipCountdown$1
com.neofilm.tv.MainActivity$showNativeHlsPlayer$1
com.neofilm.tv.AdOverlayPlayer$attachOverlay$4
com.neofilm.tv.MainActivity$enterFullscreenBrowserMode$browser$1$2
com.neofilm.tv.AdActivity$onCreate$7
com.neofilm.tv.MainActivity
com.neofilm.tv.MainActivity$showNativeVideo$1
com.neofilm.tv.UpdateManager$Result$UpToDate
com.neofilm.tv.AdOverlayPlayer$startSkipCountdown$1
com.neofilm.tv.AdActivity$Companion
com.neofilm.tv.AdOverlayPlayer
com.neofilm.tv.MainActivity: android.widget.TextView statusBadge
com.neofilm.tv.AdOverlayService: kotlin.Lazy overlayPlayer$delegate
com.neofilm.tv.AdActivity: java.lang.String TAG
com.neofilm.tv.MainActivity$showNativeHlsPlayer$1: com.neofilm.tv.MainActivity this$0
com.neofilm.tv.MainActivity: int TOUCH_SECRET_PRESS_COUNT
com.neofilm.tv.AdActivity: android.os.CountDownTimer currentTimer
com.neofilm.tv.MainActivity: android.view.TextureView adOverlayTexture
com.neofilm.tv.AdActivity$AdData: long durationMs
com.neofilm.tv.AdOverlayPlayer$startSkipCountdown$1: android.widget.TextView $s
com.neofilm.tv.AdOverlayPlayer$attachOverlay$4: com.neofilm.tv.AdOverlayPlayer this$0
com.neofilm.tv.AdOverlayPlayer: java.lang.String TAG
com.neofilm.tv.UpdateManager$UpdateInfo: boolean isRequired
com.neofilm.tv.AdActivity$onCreate$7: com.neofilm.tv.AdActivity this$0
com.neofilm.tv.MainActivity$appLauncherRunnable$1: com.neofilm.tv.MainActivity this$0
com.neofilm.tv.MainActivity: android.os.Handler handler
com.neofilm.tv.WatchdogAlarmReceiver: long WATCHDOG_INTERVAL_MS
com.neofilm.tv.UpdateManager: java.lang.String UPDATE_FILE_NAME
com.neofilm.tv.AdOverlayPlayer$AdData: long durationMs
com.neofilm.tv.MainActivity$NeoFilmWebViewClient: com.neofilm.tv.MainActivity this$0
com.neofilm.tv.MainActivity: android.media.MediaPlayer adOverlayPlayer
com.neofilm.tv.AdOverlayPlayer: boolean isTransitioning
com.neofilm.tv.MainActivity: android.widget.FrameLayout adOverlayContainer
com.neofilm.tv.MainActivity: long TOUCH_SECRET_WINDOW_MS
com.neofilm.tv.AdActivity: android.os.Handler handler
com.neofilm.tv.MainActivity$showNativeHlsPlayer$1: java.lang.String $url
com.neofilm.tv.MainActivity: long RETRY_DELAY_MS
com.neofilm.tv.AdActivity: com.neofilm.tv.AdActivity$AdData currentAd
com.neofilm.tv.MainActivity: int CORNER_TAP_SIZE_DP
com.neofilm.tv.AdActivity$AdData: java.lang.String mimeType
com.neofilm.tv.WatchdogAlarmReceiver: int ALARM_REQUEST_CODE
com.neofilm.tv.MainActivity: long lastCornerTapTime
com.neofilm.tv.MainActivity: java.lang.String SETTINGS_PIN
com.neofilm.tv.UpdateManager: int CONNECT_TIMEOUT_MS
com.neofilm.tv.MainActivity: long LONG_PRESS_DURATION_MS
...
androidx.appcompat.widget.AppCompatCheckedTextView: void setCheckMarkDrawable(int)
androidx.core.widget.NestedScrollView: void setOnScrollChangeListener(androidx.core.widget.NestedScrollView$OnScrollChangeListener)
androidx.work.impl.foreground.SystemForegroundService: SystemForegroundService()
androidx.appcompat.widget.AppCompatAutoCompleteTextView: android.content.res.ColorStateList getSupportCompoundDrawablesTintList()
androidx.appcompat.widget.AppCompatMultiAutoCompleteTextView: void setBackgroundResource(int)
androidx.appcompat.widget.Toolbar: void setSubtitleTextColor(android.content.res.ColorStateList)
androidx.media3.ui.PlayerView: void setErrorMessageProvider(androidx.media3.common.ErrorMessageProvider)
android.support.v4.media.AudioAttributesCompatParcelizer: void write(androidx.media.AudioAttributesCompat,androidx.versionedparcelable.VersionedParcel)
androidx.media3.exoplayer.ExoPlayer: void setImageOutput(androidx.media3.exoplayer.image.ImageOutput)
androidx.appcompat.widget.AppCompatImageButton: void setSupportBackgroundTintMode(android.graphics.PorterDuff$Mode)
androidx.media3.exoplayer.audio.DefaultAudioSink$Api31: void setLogSessionIdOnAudioTrack(android.media.AudioTrack,androidx.media3.exoplayer.analytics.PlayerId)
org.chromium.support_lib_boundary.WebViewClientBoundaryInterface: boolean onWebAuthnIntent(android.webkit.WebView,android.app.PendingIntent,java.lang.reflect.InvocationHandler)
androidx.core.app.ComponentActivity: void putExtraData(androidx.core.app.ComponentActivity$ExtraData)
androidx.fragment.app.FragmentActivity: androidx.fragment.app.FragmentManager getSupportFragmentManager()
androidx.work.ListenableWorker: void onStopped()
androidx.work.impl.WorkDatabase: WorkDatabase()
androidx.core.widget.PopupWindowCompat$Api23Impl: boolean getOverlapAnchor(android.widget.PopupWindow)
androidx.appcompat.widget.AppCompatSpinner: int getDropDownHorizontalOffset()
androidx.appcompat.widget.AppCompatCheckBox: void setAllCaps(boolean)
androidx.vectordrawable.graphics.drawable.VectorDrawableCompat$VPathRenderer: void setAlpha(float)
org.chromium.support_lib_boundary.DropDataContentProviderBoundaryInterface: android.os.ParcelFileDescriptor openFile(android.content.ContentProvider,android.net.Uri)
androidx.appcompat.view.menu.ListMenuItemView: androidx.appcompat.view.menu.MenuItemImpl getItemData()
androidx.media.AudioAttributesImplApi21: AudioAttributesImplApi21()
androidx.work.ExistingWorkPolicy: androidx.work.ExistingWorkPolicy[] values()
androidx.appcompat.app.AppCompatActivity: void setContentView(android.view.View,android.view.ViewGroup$LayoutParams)
androidx.core.os.TraceCompat$Api18Impl: void beginSection(java.lang.String)
androidx.core.view.WindowInsetsCompat$Impl29: androidx.core.graphics.Insets getSystemGestureInsets()
androidx.appcompat.widget.AppCompatMultiAutoCompleteTextView: void setBackgroundDrawable(android.graphics.drawable.Drawable)
androidx.media.AudioAttributesImplApi26Parcelizer: void write(androidx.media.AudioAttributesImplApi26,androidx.versionedparcelable.VersionedParcel)
androidx.work.impl.background.systemalarm.ConstraintProxy$BatteryChargingProxy: ConstraintProxy$BatteryChargingProxy()
android.support.v4.media.AudioAttributesImplApi26Parcelizer: void write(androidx.media.AudioAttributesImplApi26,androidx.versionedparcelable.VersionedParcel)
androidx.media3.ui.AspectRatioFrameLayout: int getResizeMode()
androidx.appcompat.widget.ActionBarContextView: void setCustomView(android.view.View)
androidx.appcompat.app.AppCompatActivity: void setContentView(int)
androidx.appcompat.widget.Toolbar: androidx.appcompat.widget.DecorToolbar getWrapper()
androidx.core.view.MarginLayoutParamsCompat$Api17Impl: int getLayoutDirection(android.view.ViewGroup$MarginLayoutParams)
androidx.appcompat.app.AppCompatActivity: void setContentView(android.view.View)
androidx.core.view.accessibility.AccessibilityEventCompat$Api19Impl: int getContentChangeTypes(android.view.accessibility.AccessibilityEvent)