apps/tv-app-legacy/android/app/build/outputs/mapping/release/usage.txt
com.neofilm.tv.BuildConfig
com.neofilm.tv.R$mipmap
com.neofilm.tv.R$string
com.neofilm.tv.R$style
com.neofilm.tv.R$xml
com.neofilm.tv.R
com.neofilm.tv.UpdateManager$Result$SkippedByRollout
com.neofilm.tv.AdCacheManager$$InternalSyntheticLambda$1$46b4328f8e711f409258adb58142e19eaa7aeb88b5cd2d614f5a4caf8fba4f8f$0
com.neofilm.tv.UpdateManager$$InternalSyntheticLambda$1$9b85633a55d79366aafbc76a6a69f0764831282ba525728a9182184b51342ec8$0
...
androidx.core.view.WindowInsetsCompat$BuilderImpl20:
    static void <clinit>()
androidx.core.view.WindowInsetsCompat$BuilderImpl29$$InternalSyntheticApiModelOutline$1$1ca9d382cdc74f65913ade6ef35fb3fb253bce496d8cb46d4a4a8dcb5ca79360$0
androidx.core.view.WindowInsetsCompat$BuilderImpl29$$InternalSyntheticApiModelOutline$1$88d406e0f46ea85f269b6a215970e55e694b8a2f3c1b6e376969f4c0aa2f9de8$0
androidx.core.view.WindowInsetsCompat$BuilderImpl29$$InternalSyntheticApiModelOutline$1$9534b35913af28d3339cc79cca5f733a806c40a1a3edd0581a877a65b60669be$0
androidx.core.view.WindowInsetsCompat$BuilderImpl29:
    public void setMandatorySystemGestureInsets(androidx.core.graphics.Insets)
    public void setSystemGestureInsets(androidx.core.graphics.Insets)
    public void setTappableElementInsets(androidx.core.graphics.Insets)
androidx.core.view.WindowInsetsCompat$BuilderImpl:
    public final androidx.core.view.WindowInsetsCompat mInsets
    public androidx.core.graphics.Insets[] mInsetsTypeMask
    public void setMandatorySystemGestureInsets(androidx.core.graphics.Insets)
    public void setSystemGestureInsets(androidx.core.graphics.Insets)
    public void setTappableElementInsets(androidx.core.graphics.Insets)
androidx.core.view.WindowInsetsCompat$Impl20:
    public androidx.core.graphics.Insets[] mOverriddenInsets
    public androidx.core.view.WindowInsetsCompat mRootWindowInsets
    static void <clinit>()
    public void <init>(androidx.core.view.WindowInsetsCompat,androidx.core.view.WindowInsetsCompat$Impl20)
    public void copyWindowDataInto(androidx.core.view.WindowInsetsCompat)
    public androidx.core.graphics.Insets getInsets(int)
    private androidx.core.graphics.Insets getInsets(int,boolean)
    public androidx.core.graphics.Insets getInsetsForType(int,boolean)
    private androidx.core.graphics.Insets getRootStableInsets()
androidx.core.view.WindowInsetsCompat$Impl21:
    public void <init>(androidx.core.view.WindowInsetsCompat,androidx.core.view.WindowInsetsCompat$Impl21)
androidx.core.view.WindowInsetsCompat$Impl28:
    public void <init>(androidx.core.view.WindowInsetsCompat,androidx.core.view.WindowInsetsCompat$Impl28)
androidx.core.view.WindowInsetsCompat$Impl29$$InternalSyntheticApiModelOutline$1$65c4c93d4e81fc8279d543372375447f803c71d8df54c027335231bed0c00634$0
androidx.core.view.WindowInsetsCompat$Impl29$$InternalSyntheticApiModelOutline$1$c5c3be555ae60087b011b03c9ffa636477d1bfe33691e708654db7a2fbcd99de$0
androidx.core.view.WindowInsetsCompat$Impl29$$InternalSyntheticApiModelOutline$1$dea62217840270aa81991d7f4f6c69ee08223b7c0d6fd00632361d5bb5906a19$0
androidx.core.view.WindowInsetsCompat$Impl29:
    public androidx.core.graphics.Insets mMandatorySystemGestureInsets
    public androidx.core.graphics.Insets mSystemGestureInsets
    public androidx.core.graphics.Insets mTappableElementInsets
    public void <init>(androidx.core.view.WindowInsetsCompat,androidx.core.view.WindowInsetsCompat$Impl29)
    public androidx.core.graphics.Insets getMandatorySystemGestureInsets()
    public androidx.core.graphics.Insets getSystemGestureInsets()
    public androidx.core.graphics.Insets getTappableElementInsets()
androidx.core.view.WindowInsetsCompat$Impl30$$InternalSyntheticApiModelOutline$1$663f2be5e2e5af2e433da663df578d75617943cd833b5cf447529c8a1ee16008$0
androidx.core.view.WindowInsetsCompat$Impl30:
    public void <init>(androidx.core.view.WindowInsetsCompat,androidx.core.view.WindowInsetsCompat$Impl30)
    public androidx.core.graphics.Insets getInsets(int)
androidx.core.view.WindowInsetsCompat$Impl:
    public void copyWindowDataInto(androidx.core.view.WindowInsetsCompat)
    public androidx.core.graphics.Insets getInsets(int)
    public androidx.core.graphics.Insets getMandatorySystemGestureInsets()
    public androidx.core.graphics.Insets getSystemGestureInsets()
    public androidx.core.graphics.Insets getTappableElementInsets()
    public void setRootViewData(androidx.core.graphics.Insets)